2022-07-21 00:38:41 [SpringApplicationShutdownHook] INFO  o.s.orm.jpa.LocalContainerEntityManagerFactoryBean - Closing JPA EntityManagerFactory for persistence unit 'default'
2022-07-21 00:38:41 [SpringApplicationShutdownHook] INFO  com.zaxxer.hikari.HikariDataSource - HikariPool-1 - Shutdown initiated...
2022-07-21 00:38:41 [SpringApplicationShutdownHook] INFO  com.zaxxer.hikari.HikariDataSource - HikariPool-1 - Shutdown completed.
2022-07-21 00:38:58 [main] INFO  com.yjb.goods.GoodsApplication - Starting GoodsApplication using Java 11.0.13 on yjb with PID 25508 (D:\ideaProject\goods\target\classes started by 26441 in D:\ideaProject\goods)
2022-07-21 00:38:58 [main] INFO  com.yjb.goods.GoodsApplication - No active profile set, falling back to default profiles: default
2022-07-21 00:39:01 [main] INFO  o.s.d.r.config.RepositoryConfigurationDelegate - Multiple Spring Data modules found, entering strict repository configuration mode!
2022-07-21 00:39:01 [main] INFO  o.s.d.r.config.RepositoryConfigurationDelegate - Bootstrapping Spring Data JPA repositories in DEFAULT mode.
2022-07-21 00:39:01 [main] INFO  o.s.d.r.config.RepositoryConfigurationDelegate - Finished Spring Data repository scanning in 201 ms. Found 2 JPA repository interfaces.
2022-07-21 00:39:01 [main] INFO  o.s.d.r.config.RepositoryConfigurationDelegate - Multiple Spring Data modules found, entering strict repository configuration mode!
2022-07-21 00:39:01 [main] INFO  o.s.d.r.config.RepositoryConfigurationDelegate - Bootstrapping Spring Data Redis repositories in DEFAULT mode.
2022-07-21 00:39:01 [main] INFO  o.s.d.r.c.RepositoryConfigurationExtensionSupport - Spring Data Redis - Could not safely identify store assignment for repository candidate interface com.yjb.goods.dao.GoodMapper. If you want this repository to be a Redis repository, consider annotating your entities with one of these annotations: org.springframework.data.redis.core.RedisHash (preferred), or consider extending one of the following types with your repository: org.springframework.data.keyvalue.repository.KeyValueRepository.
2022-07-21 00:39:01 [main] INFO  o.s.d.r.c.RepositoryConfigurationExtensionSupport - Spring Data Redis - Could not safely identify store assignment for repository candidate interface com.yjb.goods.dao.UserMapper. If you want this repository to be a Redis repository, consider annotating your entities with one of these annotations: org.springframework.data.redis.core.RedisHash (preferred), or consider extending one of the following types with your repository: org.springframework.data.keyvalue.repository.KeyValueRepository.
2022-07-21 00:39:01 [main] INFO  o.s.d.r.config.RepositoryConfigurationDelegate - Finished Spring Data repository scanning in 15 ms. Found 0 Redis repository interfaces.
2022-07-21 00:39:02 [main] INFO  o.s.boot.web.embedded.tomcat.TomcatWebServer - Tomcat initialized with port(s): 8080 (http)
2022-07-21 00:39:02 [main] INFO  org.apache.coyote.http11.Http11NioProtocol - Initializing ProtocolHandler ["http-nio-8080"]
2022-07-21 00:39:02 [main] INFO  org.apache.catalina.core.StandardService - Starting service [Tomcat]
2022-07-21 00:39:02 [main] INFO  org.apache.catalina.core.StandardEngine - Starting Servlet engine: [Apache Tomcat/9.0.55]
2022-07-21 00:39:02 [main] INFO  o.a.c.core.ContainerBase.[Tomcat].[localhost].[/] - Initializing Spring embedded WebApplicationContext
2022-07-21 00:39:02 [main] INFO  o.s.b.w.s.c.ServletWebServerApplicationContext - Root WebApplicationContext: initialization completed in 4372 ms
2022-07-21 00:39:03 [main] INFO  org.hibernate.jpa.internal.util.LogHelper - HHH000204: Processing PersistenceUnitInfo [name: default]
2022-07-21 00:39:03 [main] INFO  org.hibernate.Version - HHH000412: Hibernate ORM core version 5.6.1.Final
2022-07-21 00:39:04 [main] INFO  org.hibernate.annotations.common.Version - HCANN000001: Hibernate Commons Annotations {5.1.2.Final}
2022-07-21 00:39:04 [main] INFO  com.zaxxer.hikari.HikariDataSource - HikariPool-1 - Starting...
2022-07-21 00:39:04 [main] INFO  com.zaxxer.hikari.HikariDataSource - HikariPool-1 - Start completed.
2022-07-21 00:39:04 [main] INFO  org.hibernate.dialect.Dialect - HHH000400: Using dialect: org.hibernate.dialect.MySQL8Dialect
2022-07-21 00:39:06 [main] INFO  o.h.e.t.jta.platform.internal.JtaPlatformInitiator - HHH000490: Using JtaPlatform implementation: [org.hibernate.engine.transaction.jta.platform.internal.NoJtaPlatform]
2022-07-21 00:39:06 [main] INFO  o.s.orm.jpa.LocalContainerEntityManagerFactoryBean - Initialized JPA EntityManagerFactory for persistence unit 'default'
2022-07-21 00:39:07 [main] WARN  o.s.b.a.o.j.JpaBaseConfiguration$JpaWebConfiguration - spring.jpa.open-in-view is enabled by default. Therefore, database queries may be performed during view rendering. Explicitly configure spring.jpa.open-in-view to disable this warning
2022-07-21 00:39:08 [main] INFO  o.s.b.actuate.endpoint.web.EndpointLinksResolver - Exposing 15 endpoint(s) beneath base path '/actuator'
2022-07-21 00:39:08 [main] INFO  org.apache.coyote.http11.Http11NioProtocol - Starting ProtocolHandler ["http-nio-8080"]
2022-07-21 00:39:08 [main] INFO  o.s.boot.web.embedded.tomcat.TomcatWebServer - Tomcat started on port(s): 8080 (http) with context path ''
2022-07-21 00:39:08 [main] INFO  com.yjb.goods.GoodsApplication - Started GoodsApplication in 11.935 seconds (JVM running for 16.849)
2022-07-21 00:39:09 [RMI TCP Connection(1)-192.168.41.5] INFO  o.a.c.core.ContainerBase.[Tomcat].[localhost].[/] - Initializing Spring DispatcherServlet 'dispatcherServlet'
2022-07-21 00:39:09 [RMI TCP Connection(1)-192.168.41.5] INFO  org.springframework.web.servlet.DispatcherServlet - Initializing Servlet 'dispatcherServlet'
2022-07-21 00:39:09 [RMI TCP Connection(1)-192.168.41.5] INFO  org.springframework.web.servlet.DispatcherServlet - Completed initialization in 0 ms
2022-07-21 02:41:54 [lettuce-nioEventLoop-4-1] INFO  io.lettuce.core.protocol.CommandHandler - null Unexpected exception during request: java.io.IOException: 远程主机强迫关闭了一个现有的连接。
java.io.IOException: 远程主机强迫关闭了一个现有的连接。
	at java.base/sun.nio.ch.SocketDispatcher.read0(Native Method)
	at java.base/sun.nio.ch.SocketDispatcher.read(SocketDispatcher.java:43)
	at java.base/sun.nio.ch.IOUtil.readIntoNativeBuffer(IOUtil.java:276)
	at java.base/sun.nio.ch.IOUtil.read(IOUtil.java:233)
	at java.base/sun.nio.ch.IOUtil.read(IOUtil.java:223)
	at java.base/sun.nio.ch.SocketChannelImpl.read(SocketChannelImpl.java:358)
	at io.netty.buffer.PooledByteBuf.setBytes(PooledByteBuf.java:253)
	at io.netty.buffer.AbstractByteBuf.writeBytes(AbstractByteBuf.java:1132)
	at io.netty.channel.socket.nio.NioSocketChannel.doReadBytes(NioSocketChannel.java:350)
	at io.netty.channel.nio.AbstractNioByteChannel$NioByteUnsafe.read(AbstractNioByteChannel.java:151)
	at io.netty.channel.nio.NioEventLoop.processSelectedKey(NioEventLoop.java:719)
	at io.netty.channel.nio.NioEventLoop.processSelectedKeysOptimized(NioEventLoop.java:655)
	at io.netty.channel.nio.NioEventLoop.processSelectedKeys(NioEventLoop.java:581)
	at io.netty.channel.nio.NioEventLoop.run(NioEventLoop.java:493)
	at io.netty.util.concurrent.SingleThreadEventExecutor$4.run(SingleThreadEventExecutor.java:986)
	at io.netty.util.internal.ThreadExecutorMap$2.run(ThreadExecutorMap.java:74)
	at io.netty.util.concurrent.FastThreadLocalRunnable.run(FastThreadLocalRunnable.java:30)
	at java.base/java.lang.Thread.run(Thread.java:834)
2022-07-21 02:41:54 [lettuce-eventExecutorLoop-1-2] INFO  io.lettuce.core.protocol.ConnectionWatchdog - Reconnecting, last destination was localhost/127.0.0.1:6379
2022-07-21 02:41:57 [lettuce-nioEventLoop-4-2] WARN  io.lettuce.core.protocol.ConnectionWatchdog - Cannot reconnect to [localhost:6379]: Connection refused: no further information: localhost/127.0.0.1:6379
2022-07-21 02:42:01 [lettuce-eventExecutorLoop-1-5] INFO  io.lettuce.core.protocol.ConnectionWatchdog - Reconnecting, last destination was localhost:6379
2022-07-21 02:42:04 [lettuce-nioEventLoop-4-5] WARN  io.lettuce.core.protocol.ConnectionWatchdog - Cannot reconnect to [localhost:6379]: Connection refused: no further information: localhost/127.0.0.1:6379
2022-07-21 02:42:09 [lettuce-eventExecutorLoop-1-8] INFO  io.lettuce.core.protocol.ConnectionWatchdog - Reconnecting, last destination was localhost:6379
2022-07-21 02:42:11 [lettuce-nioEventLoop-4-8] WARN  io.lettuce.core.protocol.ConnectionWatchdog - Cannot reconnect to [localhost:6379]: Connection refused: no further information: localhost/127.0.0.1:6379
2022-07-21 02:42:14 [lettuce-eventExecutorLoop-1-2] INFO  io.lettuce.core.protocol.ConnectionWatchdog - Reconnecting, last destination was localhost:6379
2022-07-21 02:42:16 [lettuce-nioEventLoop-4-2] WARN  io.lettuce.core.protocol.ConnectionWatchdog - Cannot reconnect to [localhost:6379]: Connection refused: no further information: localhost/127.0.0.1:6379
2022-07-21 02:42:20 [lettuce-eventExecutorLoop-1-4] INFO  io.lettuce.core.protocol.ConnectionWatchdog - Reconnecting, last destination was localhost:6379
2022-07-21 02:42:22 [lettuce-nioEventLoop-4-4] WARN  io.lettuce.core.protocol.ConnectionWatchdog - Cannot reconnect to [localhost:6379]: Connection refused: no further information: localhost/127.0.0.1:6379
2022-07-21 02:42:30 [lettuce-eventExecutorLoop-1-6] INFO  io.lettuce.core.protocol.ConnectionWatchdog - Reconnecting, last destination was localhost:6379
2022-07-21 02:42:33 [lettuce-nioEventLoop-4-6] WARN  io.lettuce.core.protocol.ConnectionWatchdog - Cannot reconnect to [localhost:6379]: Connection refused: no further information: localhost/127.0.0.1:6379
2022-07-21 02:42:41 [lettuce-eventExecutorLoop-1-7] INFO  io.lettuce.core.protocol.ConnectionWatchdog - Reconnecting, last destination was localhost:6379
2022-07-21 02:42:43 [lettuce-nioEventLoop-4-7] WARN  io.lettuce.core.protocol.ConnectionWatchdog - Cannot reconnect to [localhost:6379]: Connection refused: no further information: localhost/127.0.0.1:6379
2022-07-21 02:43:00 [lettuce-eventExecutorLoop-1-3] INFO  io.lettuce.core.protocol.ConnectionWatchdog - Reconnecting, last destination was localhost:6379
2022-07-21 02:43:02 [lettuce-nioEventLoop-4-8] WARN  io.lettuce.core.protocol.ConnectionWatchdog - Cannot reconnect to [localhost:6379]: Connection refused: no further information: localhost/127.0.0.1:6379
2022-07-21 02:43:32 [lettuce-eventExecutorLoop-1-6] INFO  io.lettuce.core.protocol.ConnectionWatchdog - Reconnecting, last destination was localhost:6379
2022-07-21 02:43:34 [lettuce-nioEventLoop-4-1] WARN  io.lettuce.core.protocol.ConnectionWatchdog - Cannot reconnect to [localhost:6379]: Connection refused: no further information: localhost/127.0.0.1:6379
2022-07-21 02:44:04 [lettuce-eventExecutorLoop-1-1] INFO  io.lettuce.core.protocol.ConnectionWatchdog - Reconnecting, last destination was localhost:6379
2022-07-21 02:44:06 [lettuce-nioEventLoop-4-2] WARN  io.lettuce.core.protocol.ConnectionWatchdog - Cannot reconnect to [localhost:6379]: Connection refused: no further information: localhost/127.0.0.1:6379
2022-07-21 02:44:36 [lettuce-eventExecutorLoop-1-3] INFO  io.lettuce.core.protocol.ConnectionWatchdog - Reconnecting, last destination was localhost:6379
2022-07-21 02:44:38 [lettuce-nioEventLoop-4-3] WARN  io.lettuce.core.protocol.ConnectionWatchdog - Cannot reconnect to [localhost:6379]: Connection refused: no further information: localhost/127.0.0.1:6379
2022-07-21 02:45:08 [lettuce-eventExecutorLoop-1-5] INFO  io.lettuce.core.protocol.ConnectionWatchdog - Reconnecting, last destination was localhost:6379
2022-07-21 02:45:10 [lettuce-nioEventLoop-4-4] WARN  io.lettuce.core.protocol.ConnectionWatchdog - Cannot reconnect to [localhost:6379]: Connection refused: no further information: localhost/127.0.0.1:6379
2022-07-21 02:45:40 [lettuce-eventExecutorLoop-1-7] INFO  io.lettuce.core.protocol.ConnectionWatchdog - Reconnecting, last destination was localhost:6379
2022-07-21 02:45:42 [lettuce-nioEventLoop-4-5] WARN  io.lettuce.core.protocol.ConnectionWatchdog - Cannot reconnect to [localhost:6379]: Connection refused: no further information: localhost/127.0.0.1:6379
2022-07-21 02:46:12 [lettuce-eventExecutorLoop-1-1] INFO  io.lettuce.core.protocol.ConnectionWatchdog - Reconnecting, last destination was localhost:6379
2022-07-21 02:46:14 [lettuce-nioEventLoop-4-6] WARN  io.lettuce.core.protocol.ConnectionWatchdog - Cannot reconnect to [localhost:6379]: Connection refused: no further information: localhost/127.0.0.1:6379
2022-07-21 02:46:44 [lettuce-eventExecutorLoop-1-3] INFO  io.lettuce.core.protocol.ConnectionWatchdog - Reconnecting, last destination was localhost:6379
2022-07-21 02:46:46 [lettuce-nioEventLoop-4-7] WARN  io.lettuce.core.protocol.ConnectionWatchdog - Cannot reconnect to [localhost:6379]: Connection refused: no further information: localhost/127.0.0.1:6379
2022-07-21 02:47:16 [lettuce-eventExecutorLoop-1-5] INFO  io.lettuce.core.protocol.ConnectionWatchdog - Reconnecting, last destination was localhost:6379
2022-07-21 02:47:18 [lettuce-nioEventLoop-4-8] WARN  io.lettuce.core.protocol.ConnectionWatchdog - Cannot reconnect to [localhost:6379]: Connection refused: no further information: localhost/127.0.0.1:6379
2022-07-21 02:47:49 [lettuce-eventExecutorLoop-1-7] INFO  io.lettuce.core.protocol.ConnectionWatchdog - Reconnecting, last destination was localhost:6379
2022-07-21 02:47:51 [lettuce-nioEventLoop-4-1] WARN  io.lettuce.core.protocol.ConnectionWatchdog - Cannot reconnect to [localhost:6379]: Connection refused: no further information: localhost/127.0.0.1:6379
2022-07-21 02:48:21 [lettuce-eventExecutorLoop-1-1] INFO  io.lettuce.core.protocol.ConnectionWatchdog - Reconnecting, last destination was localhost:6379
2022-07-21 02:48:23 [lettuce-nioEventLoop-4-2] WARN  io.lettuce.core.protocol.ConnectionWatchdog - Cannot reconnect to [localhost:6379]: Connection refused: no further information: localhost/127.0.0.1:6379
2022-07-21 02:48:53 [lettuce-eventExecutorLoop-1-3] INFO  io.lettuce.core.protocol.ConnectionWatchdog - Reconnecting, last destination was localhost:6379
2022-07-21 02:48:55 [lettuce-nioEventLoop-4-3] WARN  io.lettuce.core.protocol.ConnectionWatchdog - Cannot reconnect to [localhost:6379]: Connection refused: no further information: localhost/127.0.0.1:6379
2022-07-21 02:49:25 [lettuce-eventExecutorLoop-1-5] INFO  io.lettuce.core.protocol.ConnectionWatchdog - Reconnecting, last destination was localhost:6379
2022-07-21 02:49:27 [lettuce-nioEventLoop-4-4] WARN  io.lettuce.core.protocol.ConnectionWatchdog - Cannot reconnect to [localhost:6379]: Connection refused: no further information: localhost/127.0.0.1:6379
2022-07-21 02:49:57 [lettuce-eventExecutorLoop-1-7] INFO  io.lettuce.core.protocol.ConnectionWatchdog - Reconnecting, last destination was localhost:6379
2022-07-21 02:49:59 [lettuce-nioEventLoop-4-5] WARN  io.lettuce.core.protocol.ConnectionWatchdog - Cannot reconnect to [localhost:6379]: Connection refused: no further information: localhost/127.0.0.1:6379
2022-07-21 02:50:29 [lettuce-eventExecutorLoop-1-1] INFO  io.lettuce.core.protocol.ConnectionWatchdog - Reconnecting, last destination was localhost:6379
2022-07-21 02:50:31 [lettuce-nioEventLoop-4-6] WARN  io.lettuce.core.protocol.ConnectionWatchdog - Cannot reconnect to [localhost:6379]: Connection refused: no further information: localhost/127.0.0.1:6379
2022-07-21 14:28:59 [main] INFO  com.yjb.goods.GoodsApplication - Starting GoodsApplication using Java 11.0.15.1 on DESKTOP-MK7FA3B with PID 19636 (D:\ideaPro\goods\target\classes started by Administrator in D:\ideaPro\goods)
2022-07-21 14:28:59 [main] INFO  com.yjb.goods.GoodsApplication - No active profile set, falling back to default profiles: default
2022-07-21 14:29:01 [main] INFO  o.s.d.r.config.RepositoryConfigurationDelegate - Multiple Spring Data modules found, entering strict repository configuration mode!
2022-07-21 14:29:01 [main] INFO  o.s.d.r.config.RepositoryConfigurationDelegate - Bootstrapping Spring Data JPA repositories in DEFAULT mode.
2022-07-21 14:29:01 [main] INFO  o.s.d.r.config.RepositoryConfigurationDelegate - Finished Spring Data repository scanning in 117 ms. Found 2 JPA repository interfaces.
2022-07-21 14:29:01 [main] INFO  o.s.d.r.config.RepositoryConfigurationDelegate - Multiple Spring Data modules found, entering strict repository configuration mode!
2022-07-21 14:29:01 [main] INFO  o.s.d.r.config.RepositoryConfigurationDelegate - Bootstrapping Spring Data Redis repositories in DEFAULT mode.
2022-07-21 14:29:01 [main] INFO  o.s.d.r.c.RepositoryConfigurationExtensionSupport - Spring Data Redis - Could not safely identify store assignment for repository candidate interface com.yjb.goods.dao.GoodMapper. If you want this repository to be a Redis repository, consider annotating your entities with one of these annotations: org.springframework.data.redis.core.RedisHash (preferred), or consider extending one of the following types with your repository: org.springframework.data.keyvalue.repository.KeyValueRepository.
2022-07-21 14:29:01 [main] INFO  o.s.d.r.c.RepositoryConfigurationExtensionSupport - Spring Data Redis - Could not safely identify store assignment for repository candidate interface com.yjb.goods.dao.UserMapper. If you want this repository to be a Redis repository, consider annotating your entities with one of these annotations: org.springframework.data.redis.core.RedisHash (preferred), or consider extending one of the following types with your repository: org.springframework.data.keyvalue.repository.KeyValueRepository.
2022-07-21 14:29:01 [main] INFO  o.s.d.r.config.RepositoryConfigurationDelegate - Finished Spring Data repository scanning in 19 ms. Found 0 Redis repository interfaces.
2022-07-21 14:29:02 [main] INFO  o.s.boot.web.embedded.tomcat.TomcatWebServer - Tomcat initialized with port(s): 8080 (http)
2022-07-21 14:29:02 [main] INFO  org.apache.coyote.http11.Http11NioProtocol - Initializing ProtocolHandler ["http-nio-8080"]
2022-07-21 14:29:02 [main] INFO  org.apache.catalina.core.StandardService - Starting service [Tomcat]
2022-07-21 14:29:02 [main] INFO  org.apache.catalina.core.StandardEngine - Starting Servlet engine: [Apache Tomcat/9.0.55]
2022-07-21 14:29:03 [main] INFO  o.a.c.core.ContainerBase.[Tomcat].[localhost].[/] - Initializing Spring embedded WebApplicationContext
2022-07-21 14:29:03 [main] INFO  o.s.b.w.s.c.ServletWebServerApplicationContext - Root WebApplicationContext: initialization completed in 3141 ms
2022-07-21 14:29:03 [main] INFO  org.hibernate.jpa.internal.util.LogHelper - HHH000204: Processing PersistenceUnitInfo [name: default]
2022-07-21 14:29:03 [main] INFO  org.hibernate.Version - HHH000412: Hibernate ORM core version 5.6.1.Final
2022-07-21 14:29:04 [main] INFO  org.hibernate.annotations.common.Version - HCANN000001: Hibernate Commons Annotations {5.1.2.Final}
2022-07-21 14:29:04 [main] INFO  com.zaxxer.hikari.HikariDataSource - HikariPool-1 - Starting...
2022-07-21 14:29:05 [main] ERROR com.zaxxer.hikari.pool.HikariPool - HikariPool-1 - Exception during pool initialization.
java.sql.SQLException: Access denied for user 'root'@'localhost' (using password: YES)
	at com.mysql.cj.jdbc.exceptions.SQLError.createSQLException(SQLError.java:129)
	at com.mysql.cj.jdbc.exceptions.SQLExceptionsMapping.translateException(SQLExceptionsMapping.java:122)
	at com.mysql.cj.jdbc.ConnectionImpl.createNewIO(ConnectionImpl.java:828)
	at com.mysql.cj.jdbc.ConnectionImpl.<init>(ConnectionImpl.java:448)
	at com.mysql.cj.jdbc.ConnectionImpl.getInstance(ConnectionImpl.java:241)
	at com.mysql.cj.jdbc.NonRegisteringDriver.connect(NonRegisteringDriver.java:198)
	at com.zaxxer.hikari.util.DriverDataSource.getConnection(DriverDataSource.java:138)
	at com.zaxxer.hikari.pool.PoolBase.newConnection(PoolBase.java:364)
	at com.zaxxer.hikari.pool.PoolBase.newPoolEntry(PoolBase.java:206)
	at com.zaxxer.hikari.pool.HikariPool.createPoolEntry(HikariPool.java:476)
	at com.zaxxer.hikari.pool.HikariPool.checkFailFast(HikariPool.java:561)
	at com.zaxxer.hikari.pool.HikariPool.<init>(HikariPool.java:115)
	at com.zaxxer.hikari.HikariDataSource.getConnection(HikariDataSource.java:112)
	at org.hibernate.engine.jdbc.connections.internal.DatasourceConnectionProviderImpl.getConnection(DatasourceConnectionProviderImpl.java:122)
	at org.hibernate.engine.jdbc.env.internal.JdbcEnvironmentInitiator$ConnectionProviderJdbcConnectionAccess.obtainConnection(JdbcEnvironmentInitiator.java:181)
	at org.hibernate.engine.jdbc.env.internal.JdbcEnvironmentInitiator.initiateService(JdbcEnvironmentInitiator.java:68)
	at org.hibernate.engine.jdbc.env.internal.JdbcEnvironmentInitiator.initiateService(JdbcEnvironmentInitiator.java:35)
	at org.hibernate.boot.registry.internal.StandardServiceRegistryImpl.initiateService(StandardServiceRegistryImpl.java:101)
	at org.hibernate.service.internal.AbstractServiceRegistryImpl.createService(AbstractServiceRegistryImpl.java:263)
	at org.hibernate.service.internal.AbstractServiceRegistryImpl.initializeService(AbstractServiceRegistryImpl.java:237)
	at org.hibernate.service.internal.AbstractServiceRegistryImpl.getService(AbstractServiceRegistryImpl.java:214)
	at org.hibernate.id.factory.internal.DefaultIdentifierGeneratorFactory.injectServices(DefaultIdentifierGeneratorFactory.java:178)
	at org.hibernate.service.internal.AbstractServiceRegistryImpl.injectDependencies(AbstractServiceRegistryImpl.java:286)
	at org.hibernate.service.internal.AbstractServiceRegistryImpl.initializeService(AbstractServiceRegistryImpl.java:243)
	at org.hibernate.service.internal.AbstractServiceRegistryImpl.getService(AbstractServiceRegistryImpl.java:214)
	at org.hibernate.boot.internal.InFlightMetadataCollectorImpl.<init>(InFlightMetadataCollectorImpl.java:175)
	at org.hibernate.boot.model.process.spi.MetadataBuildingProcess.complete(MetadataBuildingProcess.java:127)
	at org.hibernate.jpa.boot.internal.EntityManagerFactoryBuilderImpl.metadata(EntityManagerFactoryBuilderImpl.java:1460)
	at org.hibernate.jpa.boot.internal.EntityManagerFactoryBuilderImpl.__build(EntityManagerFactoryBuilderImpl.java:1494)
	at org.hibernate.jpa.boot.internal.EntityManagerFactoryBuilderImpl.build(EntityManagerFactoryBuilderImpl.java:40002)
	at org.springframework.orm.jpa.vendor.SpringHibernateJpaPersistenceProvider.__createEntityManagerFactory(SpringHibernateJpaPersistenceProvider.java:58)
	at org.springframework.orm.jpa.vendor.SpringHibernateJpaPersistenceProvider.createContainerEntityManagerFactory(SpringHibernateJpaPersistenceProvider.java:40002)
	at org.springframework.orm.jpa.LocalContainerEntityManagerFactoryBean.__createNativeEntityManagerFactory(LocalContainerEntityManagerFactoryBean.java:365)
	at org.springframework.orm.jpa.LocalContainerEntityManagerFactoryBean.createNativeEntityManagerFactory(LocalContainerEntityManagerFactoryBean.java:43002)
	at org.springframework.orm.jpa.AbstractEntityManagerFactoryBean.buildNativeEntityManagerFactory(AbstractEntityManagerFactoryBean.java:409)
	at org.springframework.orm.jpa.AbstractEntityManagerFactoryBean.afterPropertiesSet(AbstractEntityManagerFactoryBean.java:396)
	at org.springframework.orm.jpa.LocalContainerEntityManagerFactoryBean.afterPropertiesSet(LocalContainerEntityManagerFactoryBean.java:341)
	at org.springframework.beans.factory.support.AbstractAutowireCapableBeanFactory.invokeInitMethods(AbstractAutowireCapableBeanFactory.java:1863)
	at org.springframework.beans.factory.support.AbstractAutowireCapableBeanFactory.initializeBean(AbstractAutowireCapableBeanFactory.java:1800)
	at org.springframework.beans.factory.support.AbstractAutowireCapableBeanFactory.doCreateBean(AbstractAutowireCapableBeanFactory.java:620)
	at org.springframework.beans.factory.support.AbstractAutowireCapableBeanFactory.createBean(AbstractAutowireCapableBeanFactory.java:542)
	at org.springframework.beans.factory.support.AbstractBeanFactory.lambda$doGetBean$0(AbstractBeanFactory.java:335)
	at org.springframework.beans.factory.support.DefaultSingletonBeanRegistry.getSingleton(DefaultSingletonBeanRegistry.java:234)
	at org.springframework.beans.factory.support.AbstractBeanFactory.doGetBean(AbstractBeanFactory.java:333)
	at org.springframework.beans.factory.support.AbstractBeanFactory.getBean(AbstractBeanFactory.java:208)
	at org.springframework.context.support.AbstractApplicationContext.getBean(AbstractApplicationContext.java:1154)
	at org.springframework.context.support.AbstractApplicationContext.finishBeanFactoryInitialization(AbstractApplicationContext.java:908)
	at org.springframework.context.support.AbstractApplicationContext.__refresh(AbstractApplicationContext.java:583)
	at org.springframework.context.support.AbstractApplicationContext.jrLockAndRefresh(AbstractApplicationContext.java:41002)
	at org.springframework.context.support.AbstractApplicationContext.refresh(AbstractApplicationContext.java:42008)
	at org.springframework.boot.web.servlet.context.ServletWebServerApplicationContext.refresh(ServletWebServerApplicationContext.java:145)
	at org.springframework.boot.SpringApplication.refresh(SpringApplication.java:730)
	at org.springframework.boot.SpringApplication.refreshContext(SpringApplication.java:412)
	at org.springframework.boot.SpringApplication.run(SpringApplication.java:302)
	at org.springframework.boot.SpringApplication.run(SpringApplication.java:1301)
	at org.springframework.boot.SpringApplication.run(SpringApplication.java:1290)
	at com.yjb.goods.GoodsApplication.main(GoodsApplication.java:13)
2022-07-21 14:29:05 [main] WARN  o.h.e.jdbc.env.internal.JdbcEnvironmentInitiator - HHH000342: Could not obtain connection to query metadata
java.sql.SQLException: Access denied for user 'root'@'localhost' (using password: YES)
	at com.mysql.cj.jdbc.exceptions.SQLError.createSQLException(SQLError.java:129)
	at com.mysql.cj.jdbc.exceptions.SQLExceptionsMapping.translateException(SQLExceptionsMapping.java:122)
	at com.mysql.cj.jdbc.ConnectionImpl.createNewIO(ConnectionImpl.java:828)
	at com.mysql.cj.jdbc.ConnectionImpl.<init>(ConnectionImpl.java:448)
	at com.mysql.cj.jdbc.ConnectionImpl.getInstance(ConnectionImpl.java:241)
	at com.mysql.cj.jdbc.NonRegisteringDriver.connect(NonRegisteringDriver.java:198)
	at com.zaxxer.hikari.util.DriverDataSource.getConnection(DriverDataSource.java:138)
	at com.zaxxer.hikari.pool.PoolBase.newConnection(PoolBase.java:364)
	at com.zaxxer.hikari.pool.PoolBase.newPoolEntry(PoolBase.java:206)
	at com.zaxxer.hikari.pool.HikariPool.createPoolEntry(HikariPool.java:476)
	at com.zaxxer.hikari.pool.HikariPool.checkFailFast(HikariPool.java:561)
	at com.zaxxer.hikari.pool.HikariPool.<init>(HikariPool.java:115)
	at com.zaxxer.hikari.HikariDataSource.getConnection(HikariDataSource.java:112)
	at org.hibernate.engine.jdbc.connections.internal.DatasourceConnectionProviderImpl.getConnection(DatasourceConnectionProviderImpl.java:122)
	at org.hibernate.engine.jdbc.env.internal.JdbcEnvironmentInitiator$ConnectionProviderJdbcConnectionAccess.obtainConnection(JdbcEnvironmentInitiator.java:181)
	at org.hibernate.engine.jdbc.env.internal.JdbcEnvironmentInitiator.initiateService(JdbcEnvironmentInitiator.java:68)
	at org.hibernate.engine.jdbc.env.internal.JdbcEnvironmentInitiator.initiateService(JdbcEnvironmentInitiator.java:35)
	at org.hibernate.boot.registry.internal.StandardServiceRegistryImpl.initiateService(StandardServiceRegistryImpl.java:101)
	at org.hibernate.service.internal.AbstractServiceRegistryImpl.createService(AbstractServiceRegistryImpl.java:263)
	at org.hibernate.service.internal.AbstractServiceRegistryImpl.initializeService(AbstractServiceRegistryImpl.java:237)
	at org.hibernate.service.internal.AbstractServiceRegistryImpl.getService(AbstractServiceRegistryImpl.java:214)
	at org.hibernate.id.factory.internal.DefaultIdentifierGeneratorFactory.injectServices(DefaultIdentifierGeneratorFactory.java:178)
	at org.hibernate.service.internal.AbstractServiceRegistryImpl.injectDependencies(AbstractServiceRegistryImpl.java:286)
	at org.hibernate.service.internal.AbstractServiceRegistryImpl.initializeService(AbstractServiceRegistryImpl.java:243)
	at org.hibernate.service.internal.AbstractServiceRegistryImpl.getService(AbstractServiceRegistryImpl.java:214)
	at org.hibernate.boot.internal.InFlightMetadataCollectorImpl.<init>(InFlightMetadataCollectorImpl.java:175)
	at org.hibernate.boot.model.process.spi.MetadataBuildingProcess.complete(MetadataBuildingProcess.java:127)
	at org.hibernate.jpa.boot.internal.EntityManagerFactoryBuilderImpl.metadata(EntityManagerFactoryBuilderImpl.java:1460)
	at org.hibernate.jpa.boot.internal.EntityManagerFactoryBuilderImpl.__build(EntityManagerFactoryBuilderImpl.java:1494)
	at org.hibernate.jpa.boot.internal.EntityManagerFactoryBuilderImpl.build(EntityManagerFactoryBuilderImpl.java:40002)
	at org.springframework.orm.jpa.vendor.SpringHibernateJpaPersistenceProvider.__createEntityManagerFactory(SpringHibernateJpaPersistenceProvider.java:58)
	at org.springframework.orm.jpa.vendor.SpringHibernateJpaPersistenceProvider.createContainerEntityManagerFactory(SpringHibernateJpaPersistenceProvider.java:40002)
	at org.springframework.orm.jpa.LocalContainerEntityManagerFactoryBean.__createNativeEntityManagerFactory(LocalContainerEntityManagerFactoryBean.java:365)
	at org.springframework.orm.jpa.LocalContainerEntityManagerFactoryBean.createNativeEntityManagerFactory(LocalContainerEntityManagerFactoryBean.java:43002)
	at org.springframework.orm.jpa.AbstractEntityManagerFactoryBean.buildNativeEntityManagerFactory(AbstractEntityManagerFactoryBean.java:409)
	at org.springframework.orm.jpa.AbstractEntityManagerFactoryBean.afterPropertiesSet(AbstractEntityManagerFactoryBean.java:396)
	at org.springframework.orm.jpa.LocalContainerEntityManagerFactoryBean.afterPropertiesSet(LocalContainerEntityManagerFactoryBean.java:341)
	at org.springframework.beans.factory.support.AbstractAutowireCapableBeanFactory.invokeInitMethods(AbstractAutowireCapableBeanFactory.java:1863)
	at org.springframework.beans.factory.support.AbstractAutowireCapableBeanFactory.initializeBean(AbstractAutowireCapableBeanFactory.java:1800)
	at org.springframework.beans.factory.support.AbstractAutowireCapableBeanFactory.doCreateBean(AbstractAutowireCapableBeanFactory.java:620)
	at org.springframework.beans.factory.support.AbstractAutowireCapableBeanFactory.createBean(AbstractAutowireCapableBeanFactory.java:542)
	at org.springframework.beans.factory.support.AbstractBeanFactory.lambda$doGetBean$0(AbstractBeanFactory.java:335)
	at org.springframework.beans.factory.support.DefaultSingletonBeanRegistry.getSingleton(DefaultSingletonBeanRegistry.java:234)
	at org.springframework.beans.factory.support.AbstractBeanFactory.doGetBean(AbstractBeanFactory.java:333)
	at org.springframework.beans.factory.support.AbstractBeanFactory.getBean(AbstractBeanFactory.java:208)
	at org.springframework.context.support.AbstractApplicationContext.getBean(AbstractApplicationContext.java:1154)
	at org.springframework.context.support.AbstractApplicationContext.finishBeanFactoryInitialization(AbstractApplicationContext.java:908)
	at org.springframework.context.support.AbstractApplicationContext.__refresh(AbstractApplicationContext.java:583)
	at org.springframework.context.support.AbstractApplicationContext.jrLockAndRefresh(AbstractApplicationContext.java:41002)
	at org.springframework.context.support.AbstractApplicationContext.refresh(AbstractApplicationContext.java:42008)
	at org.springframework.boot.web.servlet.context.ServletWebServerApplicationContext.refresh(ServletWebServerApplicationContext.java:145)
	at org.springframework.boot.SpringApplication.refresh(SpringApplication.java:730)
	at org.springframework.boot.SpringApplication.refreshContext(SpringApplication.java:412)
	at org.springframework.boot.SpringApplication.run(SpringApplication.java:302)
	at org.springframework.boot.SpringApplication.run(SpringApplication.java:1301)
	at org.springframework.boot.SpringApplication.run(SpringApplication.java:1290)
	at com.yjb.goods.GoodsApplication.main(GoodsApplication.java:13)
2022-07-21 14:29:05 [main] ERROR o.s.orm.jpa.LocalContainerEntityManagerFactoryBean - Failed to initialize JPA EntityManagerFactory: Unable to create requested service [org.hibernate.engine.jdbc.env.spi.JdbcEnvironment]
2022-07-21 14:29:05 [main] WARN  o.s.b.w.s.c.AnnotationConfigServletWebServerApplicationContext - Exception encountered during context initialization - cancelling refresh attempt: org.springframework.beans.factory.BeanCreationException: Error creating bean with name 'entityManagerFactory' defined in class path resource [org/springframework/boot/autoconfigure/orm/jpa/HibernateJpaConfiguration.class]: Invocation of init method failed; nested exception is org.hibernate.service.spi.ServiceException: Unable to create requested service [org.hibernate.engine.jdbc.env.spi.JdbcEnvironment]
2022-07-21 14:29:05 [main] INFO  org.apache.catalina.core.StandardService - Stopping service [Tomcat]
2022-07-21 14:29:05 [main] INFO  o.s.b.a.l.ConditionEvaluationReportLoggingListener - 

Error starting ApplicationContext. To display the conditions report re-run your application with 'debug' enabled.
2022-07-21 14:29:05 [main] ERROR org.springframework.boot.SpringApplication - Application run failed
org.springframework.beans.factory.BeanCreationException: Error creating bean with name 'entityManagerFactory' defined in class path resource [org/springframework/boot/autoconfigure/orm/jpa/HibernateJpaConfiguration.class]: Invocation of init method failed; nested exception is org.hibernate.service.spi.ServiceException: Unable to create requested service [org.hibernate.engine.jdbc.env.spi.JdbcEnvironment]
	at org.springframework.beans.factory.support.AbstractAutowireCapableBeanFactory.initializeBean(AbstractAutowireCapableBeanFactory.java:1804)
	at org.springframework.beans.factory.support.AbstractAutowireCapableBeanFactory.doCreateBean(AbstractAutowireCapableBeanFactory.java:620)
	at org.springframework.beans.factory.support.AbstractAutowireCapableBeanFactory.createBean(AbstractAutowireCapableBeanFactory.java:542)
	at org.springframework.beans.factory.support.AbstractBeanFactory.lambda$doGetBean$0(AbstractBeanFactory.java:335)
	at org.springframework.beans.factory.support.DefaultSingletonBeanRegistry.getSingleton(DefaultSingletonBeanRegistry.java:234)
	at org.springframework.beans.factory.support.AbstractBeanFactory.doGetBean(AbstractBeanFactory.java:333)
	at org.springframework.beans.factory.support.AbstractBeanFactory.getBean(AbstractBeanFactory.java:208)
	at org.springframework.context.support.AbstractApplicationContext.getBean(AbstractApplicationContext.java:1154)
	at org.springframework.context.support.AbstractApplicationContext.finishBeanFactoryInitialization(AbstractApplicationContext.java:908)
	at org.springframework.context.support.AbstractApplicationContext.__refresh(AbstractApplicationContext.java:583)
	at org.springframework.context.support.AbstractApplicationContext.jrLockAndRefresh(AbstractApplicationContext.java:41002)
	at org.springframework.context.support.AbstractApplicationContext.refresh(AbstractApplicationContext.java:42008)
	at org.springframework.boot.web.servlet.context.ServletWebServerApplicationContext.refresh(ServletWebServerApplicationContext.java:145)
	at org.springframework.boot.SpringApplication.refresh(SpringApplication.java:730)
	at org.springframework.boot.SpringApplication.refreshContext(SpringApplication.java:412)
	at org.springframework.boot.SpringApplication.run(SpringApplication.java:302)
	at org.springframework.boot.SpringApplication.run(SpringApplication.java:1301)
	at org.springframework.boot.SpringApplication.run(SpringApplication.java:1290)
	at com.yjb.goods.GoodsApplication.main(GoodsApplication.java:13)
Caused by: org.hibernate.service.spi.ServiceException: Unable to create requested service [org.hibernate.engine.jdbc.env.spi.JdbcEnvironment]
	at org.hibernate.service.internal.AbstractServiceRegistryImpl.createService(AbstractServiceRegistryImpl.java:275)
	at org.hibernate.service.internal.AbstractServiceRegistryImpl.initializeService(AbstractServiceRegistryImpl.java:237)
	at org.hibernate.service.internal.AbstractServiceRegistryImpl.getService(AbstractServiceRegistryImpl.java:214)
	at org.hibernate.id.factory.internal.DefaultIdentifierGeneratorFactory.injectServices(DefaultIdentifierGeneratorFactory.java:178)
	at org.hibernate.service.internal.AbstractServiceRegistryImpl.injectDependencies(AbstractServiceRegistryImpl.java:286)
	at org.hibernate.service.internal.AbstractServiceRegistryImpl.initializeService(AbstractServiceRegistryImpl.java:243)
	at org.hibernate.service.internal.AbstractServiceRegistryImpl.getService(AbstractServiceRegistryImpl.java:214)
	at org.hibernate.boot.internal.InFlightMetadataCollectorImpl.<init>(InFlightMetadataCollectorImpl.java:175)
	at org.hibernate.boot.model.process.spi.MetadataBuildingProcess.complete(MetadataBuildingProcess.java:127)
	at org.hibernate.jpa.boot.internal.EntityManagerFactoryBuilderImpl.metadata(EntityManagerFactoryBuilderImpl.java:1460)
	at org.hibernate.jpa.boot.internal.EntityManagerFactoryBuilderImpl.__build(EntityManagerFactoryBuilderImpl.java:1494)
	at org.hibernate.jpa.boot.internal.EntityManagerFactoryBuilderImpl.build(EntityManagerFactoryBuilderImpl.java:40002)
	at org.springframework.orm.jpa.vendor.SpringHibernateJpaPersistenceProvider.__createEntityManagerFactory(SpringHibernateJpaPersistenceProvider.java:58)
	at org.springframework.orm.jpa.vendor.SpringHibernateJpaPersistenceProvider.createContainerEntityManagerFactory(SpringHibernateJpaPersistenceProvider.java:40002)
	at org.springframework.orm.jpa.LocalContainerEntityManagerFactoryBean.__createNativeEntityManagerFactory(LocalContainerEntityManagerFactoryBean.java:365)
	at org.springframework.orm.jpa.LocalContainerEntityManagerFactoryBean.createNativeEntityManagerFactory(LocalContainerEntityManagerFactoryBean.java:43002)
	at org.springframework.orm.jpa.AbstractEntityManagerFactoryBean.buildNativeEntityManagerFactory(AbstractEntityManagerFactoryBean.java:409)
	at org.springframework.orm.jpa.AbstractEntityManagerFactoryBean.afterPropertiesSet(AbstractEntityManagerFactoryBean.java:396)
	at org.springframework.orm.jpa.LocalContainerEntityManagerFactoryBean.afterPropertiesSet(LocalContainerEntityManagerFactoryBean.java:341)
	at org.springframework.beans.factory.support.AbstractAutowireCapableBeanFactory.invokeInitMethods(AbstractAutowireCapableBeanFactory.java:1863)
	at org.springframework.beans.factory.support.AbstractAutowireCapableBeanFactory.initializeBean(AbstractAutowireCapableBeanFactory.java:1800)
	... 18 common frames omitted
Caused by: org.hibernate.HibernateException: Access to DialectResolutionInfo cannot be null when 'hibernate.dialect' not set
	at org.hibernate.engine.jdbc.dialect.internal.DialectFactoryImpl.determineDialect(DialectFactoryImpl.java:100)
	at org.hibernate.engine.jdbc.dialect.internal.DialectFactoryImpl.buildDialect(DialectFactoryImpl.java:54)
	at org.hibernate.engine.jdbc.env.internal.JdbcEnvironmentInitiator.initiateService(JdbcEnvironmentInitiator.java:138)
	at org.hibernate.engine.jdbc.env.internal.JdbcEnvironmentInitiator.initiateService(JdbcEnvironmentInitiator.java:35)
	at org.hibernate.boot.registry.internal.StandardServiceRegistryImpl.initiateService(StandardServiceRegistryImpl.java:101)
	at org.hibernate.service.internal.AbstractServiceRegistryImpl.createService(AbstractServiceRegistryImpl.java:263)
	... 38 common frames omitted
2022-07-21 14:29:15 [main] INFO  com.yjb.goods.GoodsApplication - Starting GoodsApplication using Java 11.0.15.1 on DESKTOP-MK7FA3B with PID 6236 (D:\ideaPro\goods\target\classes started by Administrator in D:\ideaPro\goods)
2022-07-21 14:29:15 [main] INFO  com.yjb.goods.GoodsApplication - No active profile set, falling back to default profiles: default
2022-07-21 14:29:17 [main] INFO  o.s.d.r.config.RepositoryConfigurationDelegate - Multiple Spring Data modules found, entering strict repository configuration mode!
2022-07-21 14:29:17 [main] INFO  o.s.d.r.config.RepositoryConfigurationDelegate - Bootstrapping Spring Data JPA repositories in DEFAULT mode.
2022-07-21 14:29:17 [main] INFO  o.s.d.r.config.RepositoryConfigurationDelegate - Finished Spring Data repository scanning in 119 ms. Found 2 JPA repository interfaces.
2022-07-21 14:29:17 [main] INFO  o.s.d.r.config.RepositoryConfigurationDelegate - Multiple Spring Data modules found, entering strict repository configuration mode!
2022-07-21 14:29:17 [main] INFO  o.s.d.r.config.RepositoryConfigurationDelegate - Bootstrapping Spring Data Redis repositories in DEFAULT mode.
2022-07-21 14:29:17 [main] INFO  o.s.d.r.c.RepositoryConfigurationExtensionSupport - Spring Data Redis - Could not safely identify store assignment for repository candidate interface com.yjb.goods.dao.GoodMapper. If you want this repository to be a Redis repository, consider annotating your entities with one of these annotations: org.springframework.data.redis.core.RedisHash (preferred), or consider extending one of the following types with your repository: org.springframework.data.keyvalue.repository.KeyValueRepository.
2022-07-21 14:29:17 [main] INFO  o.s.d.r.c.RepositoryConfigurationExtensionSupport - Spring Data Redis - Could not safely identify store assignment for repository candidate interface com.yjb.goods.dao.UserMapper. If you want this repository to be a Redis repository, consider annotating your entities with one of these annotations: org.springframework.data.redis.core.RedisHash (preferred), or consider extending one of the following types with your repository: org.springframework.data.keyvalue.repository.KeyValueRepository.
2022-07-21 14:29:17 [main] INFO  o.s.d.r.config.RepositoryConfigurationDelegate - Finished Spring Data repository scanning in 18 ms. Found 0 Redis repository interfaces.
2022-07-21 14:29:18 [main] INFO  o.s.boot.web.embedded.tomcat.TomcatWebServer - Tomcat initialized with port(s): 8080 (http)
2022-07-21 14:29:18 [main] INFO  org.apache.coyote.http11.Http11NioProtocol - Initializing ProtocolHandler ["http-nio-8080"]
2022-07-21 14:29:18 [main] INFO  org.apache.catalina.core.StandardService - Starting service [Tomcat]
2022-07-21 14:29:18 [main] INFO  org.apache.catalina.core.StandardEngine - Starting Servlet engine: [Apache Tomcat/9.0.55]
2022-07-21 14:29:18 [main] INFO  o.a.c.core.ContainerBase.[Tomcat].[localhost].[/] - Initializing Spring embedded WebApplicationContext
2022-07-21 14:29:18 [main] INFO  o.s.b.w.s.c.ServletWebServerApplicationContext - Root WebApplicationContext: initialization completed in 2411 ms
2022-07-21 14:29:18 [main] INFO  org.hibernate.jpa.internal.util.LogHelper - HHH000204: Processing PersistenceUnitInfo [name: default]
2022-07-21 14:29:18 [main] INFO  org.hibernate.Version - HHH000412: Hibernate ORM core version 5.6.1.Final
2022-07-21 14:29:19 [main] INFO  org.hibernate.annotations.common.Version - HCANN000001: Hibernate Commons Annotations {5.1.2.Final}
2022-07-21 14:29:19 [main] INFO  com.zaxxer.hikari.HikariDataSource - HikariPool-1 - Starting...
2022-07-21 14:29:19 [main] INFO  com.zaxxer.hikari.HikariDataSource - HikariPool-1 - Start completed.
2022-07-21 14:29:19 [main] INFO  org.hibernate.dialect.Dialect - HHH000400: Using dialect: org.hibernate.dialect.MySQL8Dialect
2022-07-21 14:29:20 [main] INFO  o.h.e.t.jta.platform.internal.JtaPlatformInitiator - HHH000490: Using JtaPlatform implementation: [org.hibernate.engine.transaction.jta.platform.internal.NoJtaPlatform]
2022-07-21 14:29:20 [main] INFO  o.s.orm.jpa.LocalContainerEntityManagerFactoryBean - Initialized JPA EntityManagerFactory for persistence unit 'default'
2022-07-21 14:29:21 [main] WARN  o.s.b.a.o.j.JpaBaseConfiguration$JpaWebConfiguration - spring.jpa.open-in-view is enabled by default. Therefore, database queries may be performed during view rendering. Explicitly configure spring.jpa.open-in-view to disable this warning
2022-07-21 14:29:21 [main] INFO  o.s.b.actuate.endpoint.web.EndpointLinksResolver - Exposing 15 endpoint(s) beneath base path '/actuator'
2022-07-21 14:29:21 [main] INFO  org.apache.coyote.http11.Http11NioProtocol - Starting ProtocolHandler ["http-nio-8080"]
2022-07-21 14:29:22 [main] INFO  o.s.boot.web.embedded.tomcat.TomcatWebServer - Tomcat started on port(s): 8080 (http) with context path ''
2022-07-21 14:29:22 [main] INFO  com.yjb.goods.GoodsApplication - Started GoodsApplication in 6.815 seconds (JVM running for 9.083)
2022-07-21 14:29:22 [RMI TCP Connection(3)-192.168.10.92] INFO  o.a.c.core.ContainerBase.[Tomcat].[localhost].[/] - Initializing Spring DispatcherServlet 'dispatcherServlet'
2022-07-21 14:29:22 [RMI TCP Connection(3)-192.168.10.92] INFO  org.springframework.web.servlet.DispatcherServlet - Initializing Servlet 'dispatcherServlet'
2022-07-21 14:29:22 [RMI TCP Connection(3)-192.168.10.92] INFO  org.springframework.web.servlet.DispatcherServlet - Completed initialization in 4 ms
2022-07-21 14:32:31 [SpringApplicationShutdownHook] INFO  o.s.orm.jpa.LocalContainerEntityManagerFactoryBean - Closing JPA EntityManagerFactory for persistence unit 'default'
2022-07-21 14:32:31 [SpringApplicationShutdownHook] INFO  com.zaxxer.hikari.HikariDataSource - HikariPool-1 - Shutdown initiated...
2022-07-21 14:32:31 [SpringApplicationShutdownHook] INFO  com.zaxxer.hikari.HikariDataSource - HikariPool-1 - Shutdown completed.
2022-07-21 14:32:39 [main] INFO  com.yjb.goods.GoodsApplication - Starting GoodsApplication using Java 11.0.15.1 on DESKTOP-MK7FA3B with PID 19976 (D:\ideaPro\goods\target\classes started by Administrator in D:\ideaPro\goods)
2022-07-21 14:32:39 [main] INFO  com.yjb.goods.GoodsApplication - No active profile set, falling back to default profiles: default
2022-07-21 14:32:40 [main] INFO  o.s.d.r.config.RepositoryConfigurationDelegate - Multiple Spring Data modules found, entering strict repository configuration mode!
2022-07-21 14:32:40 [main] INFO  o.s.d.r.config.RepositoryConfigurationDelegate - Bootstrapping Spring Data JPA repositories in DEFAULT mode.
2022-07-21 14:32:40 [main] INFO  o.s.d.r.config.RepositoryConfigurationDelegate - Finished Spring Data repository scanning in 95 ms. Found 2 JPA repository interfaces.
2022-07-21 14:32:40 [main] INFO  o.s.d.r.config.RepositoryConfigurationDelegate - Multiple Spring Data modules found, entering strict repository configuration mode!
2022-07-21 14:32:40 [main] INFO  o.s.d.r.config.RepositoryConfigurationDelegate - Bootstrapping Spring Data Redis repositories in DEFAULT mode.
2022-07-21 14:32:40 [main] INFO  o.s.d.r.c.RepositoryConfigurationExtensionSupport - Spring Data Redis - Could not safely identify store assignment for repository candidate interface com.yjb.goods.dao.GoodMapper. If you want this repository to be a Redis repository, consider annotating your entities with one of these annotations: org.springframework.data.redis.core.RedisHash (preferred), or consider extending one of the following types with your repository: org.springframework.data.keyvalue.repository.KeyValueRepository.
2022-07-21 14:32:40 [main] INFO  o.s.d.r.c.RepositoryConfigurationExtensionSupport - Spring Data Redis - Could not safely identify store assignment for repository candidate interface com.yjb.goods.dao.UserMapper. If you want this repository to be a Redis repository, consider annotating your entities with one of these annotations: org.springframework.data.redis.core.RedisHash (preferred), or consider extending one of the following types with your repository: org.springframework.data.keyvalue.repository.KeyValueRepository.
2022-07-21 14:32:40 [main] INFO  o.s.d.r.config.RepositoryConfigurationDelegate - Finished Spring Data repository scanning in 8 ms. Found 0 Redis repository interfaces.
2022-07-21 14:32:41 [main] INFO  o.s.boot.web.embedded.tomcat.TomcatWebServer - Tomcat initialized with port(s): 8080 (http)
2022-07-21 14:32:41 [main] INFO  org.apache.coyote.http11.Http11NioProtocol - Initializing ProtocolHandler ["http-nio-8080"]
2022-07-21 14:32:41 [main] INFO  org.apache.catalina.core.StandardService - Starting service [Tomcat]
2022-07-21 14:32:41 [main] INFO  org.apache.catalina.core.StandardEngine - Starting Servlet engine: [Apache Tomcat/9.0.55]
2022-07-21 14:32:41 [main] INFO  o.a.c.core.ContainerBase.[Tomcat].[localhost].[/] - Initializing Spring embedded WebApplicationContext
2022-07-21 14:32:41 [main] INFO  o.s.b.w.s.c.ServletWebServerApplicationContext - Root WebApplicationContext: initialization completed in 1897 ms
2022-07-21 14:32:41 [main] INFO  org.hibernate.jpa.internal.util.LogHelper - HHH000204: Processing PersistenceUnitInfo [name: default]
2022-07-21 14:32:41 [main] INFO  org.hibernate.Version - HHH000412: Hibernate ORM core version 5.6.1.Final
2022-07-21 14:32:41 [main] INFO  org.hibernate.annotations.common.Version - HCANN000001: Hibernate Commons Annotations {5.1.2.Final}
2022-07-21 14:32:41 [main] INFO  com.zaxxer.hikari.HikariDataSource - HikariPool-1 - Starting...
2022-07-21 14:32:42 [main] INFO  com.zaxxer.hikari.HikariDataSource - HikariPool-1 - Start completed.
2022-07-21 14:32:42 [main] INFO  org.hibernate.dialect.Dialect - HHH000400: Using dialect: org.hibernate.dialect.MySQL8Dialect
2022-07-21 14:32:42 [main] INFO  o.h.e.t.jta.platform.internal.JtaPlatformInitiator - HHH000490: Using JtaPlatform implementation: [org.hibernate.engine.transaction.jta.platform.internal.NoJtaPlatform]
2022-07-21 14:32:42 [main] INFO  o.s.orm.jpa.LocalContainerEntityManagerFactoryBean - Initialized JPA EntityManagerFactory for persistence unit 'default'
2022-07-21 14:32:43 [main] WARN  o.s.b.a.o.j.JpaBaseConfiguration$JpaWebConfiguration - spring.jpa.open-in-view is enabled by default. Therefore, database queries may be performed during view rendering. Explicitly configure spring.jpa.open-in-view to disable this warning
2022-07-21 14:32:44 [main] INFO  o.s.b.actuate.endpoint.web.EndpointLinksResolver - Exposing 15 endpoint(s) beneath base path '/actuator'
2022-07-21 14:32:44 [main] INFO  org.apache.coyote.http11.Http11NioProtocol - Starting ProtocolHandler ["http-nio-8080"]
2022-07-21 14:32:44 [main] INFO  o.s.boot.web.embedded.tomcat.TomcatWebServer - Tomcat started on port(s): 8080 (http) with context path ''
2022-07-21 14:32:44 [main] INFO  com.yjb.goods.GoodsApplication - Started GoodsApplication in 5.572 seconds (JVM running for 7.978)
2022-07-21 14:32:44 [http-nio-8080-exec-1] INFO  o.a.c.core.ContainerBase.[Tomcat].[localhost].[/] - Initializing Spring DispatcherServlet 'dispatcherServlet'
2022-07-21 14:32:44 [http-nio-8080-exec-1] INFO  org.springframework.web.servlet.DispatcherServlet - Initializing Servlet 'dispatcherServlet'
2022-07-21 14:32:44 [http-nio-8080-exec-1] INFO  org.springframework.web.servlet.DispatcherServlet - Completed initialization in 2 ms
2022-07-21 14:33:41 [http-nio-8080-exec-4] INFO  recommend - The user logining successful User(id=1001, username=yjb001, password=ok, creat_time=2022-07-05 09:38:04.0, user_status=1, del=0). Time 2022-07.21:14:33:41.
2022-07-21 14:34:22 [http-nio-8080-exec-8] INFO  recommend - The user logining successful User(id=1001, username=yjb001, password=ok, creat_time=2022-07-05 09:38:04.0, user_status=1, del=0). Time 2022-07.21:14:34:22.
2022-07-21 14:35:20 [http-nio-8080-exec-2] INFO  o.s.d.r.config.RepositoryConfigurationDelegate - Bootstrapping Spring Data JPA repositories in DEFAULT mode.
2022-07-21 14:35:20 [http-nio-8080-exec-2] INFO  o.s.d.r.config.RepositoryConfigurationDelegate - Finished Spring Data repository scanning in 17 ms. Found 0 JPA repository interfaces.
2022-07-21 14:35:20 [http-nio-8080-exec-2] INFO  o.s.d.r.config.RepositoryConfigurationDelegate - Bootstrapping Spring Data Redis repositories in DEFAULT mode.
2022-07-21 14:35:20 [http-nio-8080-exec-2] INFO  o.s.d.r.config.RepositoryConfigurationDelegate - Finished Spring Data repository scanning in 12 ms. Found 0 Redis repository interfaces.
2022-07-21 14:35:27 [http-nio-8080-exec-6] INFO  recommend - The user logining successful User(id=1001, username=yjb001, password=ok, creat_time=2022-07-05 09:38:04.0, user_status=1, del=0). Time 2022-07.21:14:35:27.
2022-07-21 14:35:32 [http-nio-8080-exec-9] INFO  recommend - Successfully loginout user yjb001. Time {}.
2022-07-21 14:41:45 [http-nio-8080-exec-7] INFO  recommend - The user logining successful User(id=1001, username=yjb001, password=ok, creat_time=2022-07-05 09:38:04.0, user_status=1, del=0). Time 2022-07.21:14:41:45.
2022-07-21 14:41:58 [http-nio-8080-exec-3] INFO  recommend - Product Good(id=3, name=3123, price=743.74, total=366, length=92.89, width=434.49, heigth=29.28, weigth=604.7, descrip=xWhX2rtAee, creat_time=2002-01-11 12:19:02.0, modify_time=2022-07-21 14:41:58.502, user_id=1001, del=592, shelves=74, img=Fv7hnwbV6B). modification  successfully Time 2022-07.21:14:41:58.
2022-07-21 14:43:05 [http-nio-8080-exec-8] INFO  recommend - Product 4368. deleted successfully Time 2022-07.21:14:43:05.
2022-07-21 14:43:07 [http-nio-8080-exec-1] INFO  recommend - Product 4434. deleted successfully Time 2022-07.21:14:43:07.
2022-07-21 14:43:07 [http-nio-8080-exec-3] ERROR com.yjb.goods.globalHandler.GlobalExceptionHandler - User yjb001. repeated reques Time 2022-07.21:14:43:07.
2022-07-21 14:45:08 [http-nio-8080-exec-3] INFO  recommend - Product Good(id=34746, name=2132312, price=127.8, total=828, length=916.66, width=114.36, heigth=416.29, weigth=316.31, descrip=oaTjzhhtCt, creat_time=2016-09-14 02:11:35.0, modify_time=2022-07-21 14:45:08.5, user_id=1001, del=57, shelves=337, img=KaAdy5X0WV). modification  successfully Time 2022-07.21:14:45:08.
2022-07-21 14:45:34 [http-nio-8080-exec-3] INFO  recommend - Product Good(id=7442, name=qqqqid, price=147.68, total=825, length=245.38, width=700.18, heigth=145.09, weigth=539.77, descrip=UqS5kGgp1w, creat_time=2013-12-07 23:58:14.0, modify_time=2022-07-21 14:45:34.889, user_id=1001, del=610, shelves=849, img=sjoOLsXnl1). modification  successfully Time 2022-07.21:14:45:34.
2022-07-21 14:46:05 [http-nio-8080-exec-1] INFO  recommend - Successfully loginout user yjb001. Time {}.
2022-07-21 14:47:32 [http-nio-8080-exec-3] INFO  recommend - The user logining successful User(id=1001, username=yjb001, password=ok, creat_time=2022-07-05 09:38:04.0, user_status=1, del=0). Time 2022-07.21:14:47:32.
2022-07-21 14:49:32 [http-nio-8080-exec-4] INFO  recommend - Successfully loginout user yjb001. Time {}.
2022-07-21 14:51:03 [http-nio-8080-exec-8] INFO  o.s.d.r.config.RepositoryConfigurationDelegate - Bootstrapping Spring Data JPA repositories in DEFAULT mode.
2022-07-21 14:51:03 [http-nio-8080-exec-8] INFO  o.s.d.r.config.RepositoryConfigurationDelegate - Finished Spring Data repository scanning in 17 ms. Found 0 JPA repository interfaces.
2022-07-21 14:51:03 [http-nio-8080-exec-8] INFO  o.s.d.r.config.RepositoryConfigurationDelegate - Bootstrapping Spring Data Redis repositories in DEFAULT mode.
2022-07-21 14:51:03 [http-nio-8080-exec-8] INFO  o.s.d.r.config.RepositoryConfigurationDelegate - Finished Spring Data repository scanning in 5 ms. Found 0 Redis repository interfaces.
2022-07-21 14:52:43 [http-nio-8080-exec-6] INFO  o.s.d.r.config.RepositoryConfigurationDelegate - Bootstrapping Spring Data JPA repositories in DEFAULT mode.
2022-07-21 14:52:43 [http-nio-8080-exec-6] INFO  o.s.d.r.config.RepositoryConfigurationDelegate - Finished Spring Data repository scanning in 5 ms. Found 0 JPA repository interfaces.
2022-07-21 14:52:43 [http-nio-8080-exec-6] INFO  o.s.d.r.config.RepositoryConfigurationDelegate - Bootstrapping Spring Data Redis repositories in DEFAULT mode.
2022-07-21 14:52:43 [http-nio-8080-exec-6] INFO  o.s.d.r.config.RepositoryConfigurationDelegate - Finished Spring Data repository scanning in 2 ms. Found 0 Redis repository interfaces.
2022-07-21 14:52:46 [http-nio-8080-exec-10] ERROR com.yjb.goods.globalHandler.GlobalExceptionHandler - The URL http://localhost:8080/delete/235. is not logged in Time 2022-07.21:14:52:46.
2022-07-21 14:52:56 [http-nio-8080-exec-2] INFO  recommend - The user logining successful User(id=1001, username=yjb001, password=ok, creat_time=2022-07-05 09:38:04.0, user_status=1, del=0). Time 2022-07.21:14:52:56.
2022-07-21 14:53:07 [http-nio-8080-exec-10] INFO  recommend - Product 3. deleted successfully Time 2022-07.21:14:53:07.
2022-07-21 14:53:10 [http-nio-8080-exec-2] INFO  recommend - Product 4. deleted successfully Time 2022-07.21:14:53:10.
2022-07-21 14:53:16 [http-nio-8080-exec-8] INFO  recommend - Successfully loginout user yjb001. Time {}.
2022-07-21 14:57:23 [http-nio-8080-exec-1] INFO  recommend - The user logining successful User(id=1001, username=yjb001, password=ok, creat_time=2022-07-05 09:38:04.0, user_status=1, del=0). Time 2022-07.21:14:57:23.
2022-07-21 14:58:45 [http-nio-8080-exec-2] INFO  recommend - Successfully loginout user yjb001. Time {}.
2022-07-21 14:58:53 [http-nio-8080-exec-6] INFO  recommend - The user logining successful User(id=1001, username=yjb001, password=ok, creat_time=2022-07-05 09:38:04.0, user_status=1, del=0). Time 2022-07.21:14:58:53.
2022-07-21 14:59:14 [http-nio-8080-exec-8] INFO  recommend - Product Good(id=5, name=78897, price=179.31, total=83, length=247.73, width=411.54, heigth=221.61, weigth=114.36, descrip=BkAaamkrQC, creat_time=2021-03-31 14:54:59.0, modify_time=2022-07-21 14:59:14.038, user_id=1001, del=871, shelves=663, img=3CPgmkaqrs). modification  successfully Time 2022-07.21:14:59:14.
2022-07-21 14:59:33 [http-nio-8080-exec-4] INFO  recommend - Product 5. deleted successfully Time 2022-07.21:14:59:33.
2022-07-21 14:59:44 [http-nio-8080-exec-1] INFO  recommend - Product 6. deleted successfully Time 2022-07.21:14:59:44.
2022-07-21 15:00:06 [http-nio-8080-exec-7] ERROR com.yjb.goods.globalHandler.GlobalExceptionHandler - User yjb001. repeated reques Time 2022-07.21:15:00:06.
2022-07-21 15:00:45 [http-nio-8080-exec-6] INFO  recommend - Product Good(id=2482, name=8658, price=253.5, total=396, length=132.85, width=284.24, heigth=672.11, weigth=168.57, descrip=Q1iTDaUf6t, creat_time=2014-11-14 17:30:36.0, modify_time=2022-07-21 15:00:45.815, user_id=1001, del=551, shelves=907, img=H6eAm94kBR). modification  successfully Time 2022-07.21:15:00:45.
2022-07-21 15:07:46 [SpringApplicationShutdownHook] INFO  o.s.orm.jpa.LocalContainerEntityManagerFactoryBean - Closing JPA EntityManagerFactory for persistence unit 'default'
2022-07-21 15:07:46 [SpringApplicationShutdownHook] INFO  com.zaxxer.hikari.HikariDataSource - HikariPool-1 - Shutdown initiated...
2022-07-21 15:07:46 [SpringApplicationShutdownHook] INFO  com.zaxxer.hikari.HikariDataSource - HikariPool-1 - Shutdown completed.
